# JRE version: OpenJDK Runtime Environment (8.0_202-b03) (build 1.8.0_202-release-1483-b03)
# Java VM: OpenJDK 64-Bit Server VM (25.202-b03 mixed mode windows-amd64 compressed oops)
Heap:
 PSYoungGen      total 420352K, used 84055K [0x00000000e0000000, 0x0000000100000000, 0x0000000100000000)
  eden space 315392K, 24% used [0x00000000e0000000,0x00000000e4bf9c80,0x00000000f3400000)
  from space 104960K, 5% used [0x00000000f9980000,0x00000000f9f9c030,0x0000000100000000)
  to   space 103936K, 0% used [0x00000000f3400000,0x00000000f3400000,0x00000000f9980000)
 ParOldGen       total 203264K, used 65320K [0x00000000a0000000, 0x00000000ac680000, 0x00000000e0000000)
  object space 203264K, 32% used [0x00000000a0000000,0x00000000a3fca358,0x00000000ac680000)
 Metaspace       used 87473K, capacity 91029K, committed 91160K, reserved 1128448K
  class space    used 11295K, capacity 11997K, committed 12072K, reserved 1048576K
GC Heap History (10 events):
Event: 2468.521 GC heap before
{Heap before GC invocations=29 (full 5):
 PSYoungGen      total 387072K, used 9258K [0x00000000e0000000, 0x00000000fcf00000, 0x0000000100000000)
  eden space 300544K, 0% used [0x00000000e0000000,0x00000000e0000000,0x00000000f2580000)
  from space 86528K, 10% used [0x00000000f7880000,0x00000000f818a868,0x00000000fcd00000)
  to   space 84992K, 0% used [0x00000000f2580000,0x00000000f2580000,0x00000000f7880000)
 ParOldGen       total 228864K, used 217590K [0x00000000a0000000, 0x00000000adf80000, 0x00000000e0000000)
  object space 228864K, 95% used [0x00000000a0000000,0x00000000ad47d818,0x00000000adf80000)
 Metaspace       used 85247K, capacity 88667K, committed 88984K, reserved 1126400K
  class space    used 11194K, capacity 11880K, committed 11944K, reserved 1048576K
Event: 2494.026 GC heap after
Heap after GC invocations=29 (full 5):
 PSYoungGen      total 387072K, used 0K [0x00000000e0000000, 0x00000000fcf00000, 0x0000000100000000)
  eden space 300544K, 0% used [0x00000000e0000000,0x00000000e0000000,0x00000000f2580000)
  from space 86528K, 0% used [0x00000000f7880000,0x00000000f7880000,0x00000000fcd00000)
  to   space 84992K, 0% used [0x00000000f2580000,0x00000000f2580000,0x00000000f7880000)
 ParOldGen       total 203264K, used 63107K [0x00000000a0000000, 0x00000000ac680000, 0x00000000e0000000)
  object space 203264K, 31% used [0x00000000a0000000,0x00000000a3da0f18,0x00000000ac680000)
 Metaspace       used 85065K, capacity 88363K, committed 88984K, reserved 1126400K
  class space    used 11160K, capacity 11816K, committed 11944K, reserved 1048576K
}
Event: 2590.152 GC heap before
{Heap before GC invocations=30 (full 5):
 PSYoungGen      total 387072K, used 300544K [0x00000000e0000000, 0x00000000fcf00000, 0x0000000100000000)
  eden space 300544K, 100% used [0x00000000e0000000,0x00000000f2580000,0x00000000f2580000)
  from space 86528K, 0% used [0x00000000f7880000,0x00000000f7880000,0x00000000fcd00000)
  to   space 84992K, 0% used [0x00000000f2580000,0x00000000f2580000,0x00000000f7880000)
 ParOldGen       total 203264K, used 63107K [0x00000000a0000000, 0x00000000ac680000, 0x00000000e0000000)
  object space 203264K, 31% used [0x00000000a0000000,0x00000000a3da0f18,0x00000000ac680000)
 Metaspace       used 86721K, capacity 90049K, committed 90392K, reserved 1128448K
  class space    used 11246K, capacity 11931K, committed 12072K, reserved 1048576K
Event: 2593.823 GC heap after
Heap after GC invocations=30 (full 5):
 PSYoungGen      total 385536K, used 68293K [0x00000000e0000000, 0x0000000100000000, 0x0000000100000000)
  eden space 300544K, 0% used [0x00000000e0000000,0x00000000e0000000,0x00000000f2580000)
  from space 84992K, 80% used [0x00000000f2580000,0x00000000f68315a0,0x00000000f7880000)
  to   space 93696K, 0% used [0x00000000fa480000,0x00000000fa480000,0x0000000100000000)
 ParOldGen       total 203264K, used 63115K [0x00000000a0000000, 0x00000000ac680000, 0x00000000e0000000)
  object space 203264K, 31% used [0x00000000a0000000,0x00000000a3da2f18,0x00000000ac680000)
 Metaspace       used 86721K, capacity 90049K, committed 90392K, reserved 1128448K
  class space    used 11246K, capacity 11931K, committed 12072K, reserved 1048576K
}
Event: 2599.190 GC heap before
{Heap before GC invocations=31 (full 5):
 PSYoungGen      total 385536K, used 368837K [0x00000000e0000000, 0x0000000100000000, 0x0000000100000000)
  eden space 300544K, 100% used [0x00000000e0000000,0x00000000f2580000,0x00000000f2580000)
  from space 84992K, 80% used [0x00000000f2580000,0x00000000f68315a0,0x00000000f7880000)
  to   space 93696K, 0% used [0x00000000fa480000,0x00000000fa480000,0x0000000100000000)
 ParOldGen       total 203264K, used 63115K [0x00000000a0000000, 0x00000000ac680000, 0x00000000e0000000)
  object space 203264K, 31% used [0x00000000a0000000,0x00000000a3da2f18,0x00000000ac680000)
 Metaspace       used 86869K, capacity 90219K, committed 90648K, reserved 1128448K
  class space    used 11260K, capacity 11938K, committed 12072K, reserved 1048576K
Event: 2599.237 GC heap after
Heap after GC invocations=31 (full 5):
 PSYoungGen      total 431104K, used 866K [0x00000000e0000000, 0x0000000100000000, 0x0000000100000000)
  eden space 337408K, 0% used [0x00000000e0000000,0x00000000e0000000,0x00000000f4980000)
  from space 93696K, 0% used [0x00000000fa480000,0x00000000fa5588e8,0x0000000100000000)
  to   space 93184K, 0% used [0x00000000f4980000,0x00000000f4980000,0x00000000fa480000)
 ParOldGen       total 203264K, used 63953K [0x00000000a0000000, 0x00000000ac680000, 0x00000000e0000000)
  object space 203264K, 31% used [0x00000000a0000000,0x00000000a3e747b8,0x00000000ac680000)
 Metaspace       used 86869K, capacity 90219K, committed 90648K, reserved 1128448K
  class space    used 11260K, capacity 11938K, committed 12072K, reserved 1048576K
}
Event: 2714.422 GC heap before
{Heap before GC invocations=32 (full 5):
 PSYoungGen      total 431104K, used 338274K [0x00000000e0000000, 0x0000000100000000, 0x0000000100000000)
  eden space 337408K, 100% used [0x00000000e0000000,0x00000000f4980000,0x00000000f4980000)
  from space 93696K, 0% used [0x00000000fa480000,0x00000000fa5588e8,0x0000000100000000)
  to   space 93184K, 0% used [0x00000000f4980000,0x00000000f4980000,0x00000000fa480000)
 ParOldGen       total 203264K, used 63953K [0x00000000a0000000, 0x00000000ac680000, 0x00000000e0000000)
  object space 203264K, 31% used [0x00000000a0000000,0x00000000a3e747b8,0x00000000ac680000)
 Metaspace       used 87266K, capacity 90797K, committed 90904K, reserved 1128448K
  class space    used 11290K, capacity 11991K, committed 12072K, reserved 1048576K
Event: 2721.012 GC heap after
Heap after GC invocations=32 (full 5):
 PSYoungGen      total 419328K, used 81456K [0x00000000e0000000, 0x0000000100000000, 0x0000000100000000)
  eden space 337408K, 0% used [0x00000000e0000000,0x00000000e0000000,0x00000000f4980000)
  from space 81920K, 99% used [0x00000000f4980000,0x00000000f990c2c0,0x00000000f9980000)
  to   space 104960K, 0% used [0x00000000f9980000,0x00000000f9980000,0x0000000100000000)
 ParOldGen       total 203264K, used 64639K [0x00000000a0000000, 0x00000000ac680000, 0x00000000e0000000)
  object space 203264K, 31% used [0x00000000a0000000,0x00000000a3f1fee0,0x00000000ac680000)
 Metaspace       used 87266K, capacity 90797K, committed 90904K, reserved 1128448K
  class space    used 11290K, capacity 11991K, committed 12072K, reserved 1048576K
}
Event: 6248.238 GC heap before
{Heap before GC invocations=33 (full 5):
 PSYoungGen      total 419328K, used 418864K [0x00000000e0000000, 0x0000000100000000, 0x0000000100000000)
  eden space 337408K, 100% used [0x00000000e0000000,0x00000000f4980000,0x00000000f4980000)
  from space 81920K, 99% used [0x00000000f4980000,0x00000000f990c2c0,0x00000000f9980000)
  to   space 104960K, 0% used [0x00000000f9980000,0x00000000f9980000,0x0000000100000000)
 ParOldGen       total 203264K, used 64639K [0x00000000a0000000, 0x00000000ac680000, 0x00000000e0000000)
  object space 203264K, 31% used [0x00000000a0000000,0x00000000a3f1fee0,0x00000000ac680000)
 Metaspace       used 87442K, capacity 91025K, committed 91160K, reserved 1128448K
  class space    used 11294K, capacity 11997K, committed 12072K, reserved 1048576K
Event: 6252.390 GC heap after
Heap after GC invocations=33 (full 5):
 PSYoungGen      total 420352K, used 6256K [0x00000000e0000000, 0x0000000100000000, 0x0000000100000000)
  eden space 315392K, 0% used [0x00000000e0000000,0x00000000e0000000,0x00000000f3400000)
  from space 104960K, 5% used [0x00000000f9980000,0x00000000f9f9c030,0x0000000100000000)
  to   space 103936K, 0% used [0x00000000f3400000,0x00000000f3400000,0x00000000f9980000)
 ParOldGen       total 203264K, used 65320K [0x00000000a0000000, 0x00000000ac680000, 0x00000000e0000000)
  object space 203264K, 32% used [0x00000000a0000000,0x00000000a3fca358,0x00000000ac680000)
 Metaspace       used 87442K, capacity 91025K, committed 91160K, reserved 1128448K
  class space    used 11294K, capacity 11997K, committed 12072K, reserved 1048576K
}

